<?xml version="1.0" encoding="UTF-8"?>
<!-- Generated by org.testng.reporters.JUnitReportReporter -->
<testsuite skipped="0" hostname="DESKTOP-P24M8Q1" name="com.NestAway.tests.Testclass" tests="1" failures="0" timestamp="2020-07-20T18:36:24 IST" time="88.290" errors="0">
  <testcase name="login" time="88.290" classname="com.NestAway.tests.Testclass"/>
  <system-out/>
</testsuite> <!-- com.NestAway.tests.Testclass -->
